<?xml version="1.0" encoding="UTF-8"?>
<!-- Generated by org.testng.reporters.JUnitReportReporter -->
<testsuite skipped="0" hostname="ip-172-31-7-65" name="com.reqres.packag.GetRequest" tests="5" failures="0" timestamp="2021-01-31T15:39:02 UTC" time="2.558" errors="0">
  <testcase name="GetSingleUserRequest" time="1.189" classname="com.reqres.packag.GetRequest"/>
  <system-out/>
  <testcase name="GetListofUserRequest" time="0.064" classname="com.reqres.packag.GetRequest"/>
  <system-out/>
  <testcase name="PostCreateRequest" time="0.289" classname="com.reqres.packag.GetRequest"/>
  <system-out/>
  <testcase name="UpdateUserRequest" time="0.254" classname="com.reqres.packag.GetRequest"/>
  <system-out/>
  <testcase name="deleteUser" time="0.762" classname="com.reqres.packag.GetRequest"/>
  <system-out/>
</testsuite> <!-- com.reqres.packag.GetRequest -->
