<?xml version="1.0" encoding="UTF-8"?>
<!-- Generated by org.testng.reporters.JUnitReportReporter -->
<testsuite skipped="0" hostname="ip-172-31-7-65" name="com.reqres.packag.Assessment" tests="2" failures="0" timestamp="2021-02-21T12:08:03 UTC" time="1.647" errors="0">
  <testcase name="GetSingleUserRequest" time="1.386" classname="com.reqres.packag.Assessment"/>
  <system-out/>
  <testcase name="PostRequest" time="0.261" classname="com.reqres.packag.Assessment"/>
  <system-out/>
</testsuite> <!-- com.reqres.packag.Assessment -->
